Traceback (most recent call last):
  File "/home/luissoto/CK-Cart-Population/.venv/lib/python3.12/site-packages/botasaurus/browser_decorator.py", line 199, in run_task
    result = func(driver, data)
             ^^^^^^^^^^^^^^^^^^
  File "/home/luissoto/CK-Cart-Population/main.py", line 54, in login_task
    response = driver.requests.get("https://www.cardkingdom.com/myaccount")
               ^^^^^^^^^^^^^^^^^^^^^^^^^^^^^^^^^^^^^^^^^^^^^^^^^^^^^^^^^^^^
  File "/home/luissoto/CK-Cart-Population/.venv/lib/python3.12/site-packages/botasaurus_driver/requests.py", line 353, in get
    data = run_js_with_args(self.driver, fetchcode, headers)
           ^^^^^^^^^^^^^^^^^^^^^^^^^^^^^^^^^^^^^^^^^^^^^^^^^
  File "/home/luissoto/CK-Cart-Population/.venv/lib/python3.12/site-packages/botasaurus_driver/requests.py", line 324, in run_js_with_args
    return driver.run_js(fetchcode, args)
           ^^^^^^^^^^^^^^^^^^^^^^^^^^^^^^
  File "/home/luissoto/CK-Cart-Population/.venv/lib/python3.12/site-packages/botasaurus_driver/driver.py", line 746, in run_js
    return self._tab.evaluate(script,args=args,await_promise=True)
           ^^^^^^^^^^^^^^^^^^^^^^^^^^^^^^^^^^^^^^^^^^^^^^^^^^^^^^^
  File "/home/luissoto/CK-Cart-Population/.venv/lib/python3.12/site-packages/botasaurus_driver/core/tab.py", line 1010, in evaluate
    response = self.send(
               ^^^^^^^^^^
  File "/home/luissoto/CK-Cart-Population/.venv/lib/python3.12/site-packages/botasaurus_driver/core/connection.py", line 286, in send
    self.open()
  File "/home/luissoto/CK-Cart-Population/.venv/lib/python3.12/site-packages/botasaurus_driver/core/connection.py", line 167, in open
    self.wait_for_socket_connection()
  File "/home/luissoto/CK-Cart-Population/.venv/lib/python3.12/site-packages/botasaurus_driver/core/connection.py", line 190, in wait_for_socket_connection
    self.raise_connection_failure_exception()
  File "/home/luissoto/CK-Cart-Population/.venv/lib/python3.12/site-packages/botasaurus_driver/core/connection.py", line 182, in raise_connection_failure_exception
    raise Exception(self._connection_failure_message)
Exception: [Errno 111] Connection refused
